Tue May  6 14:46:33 2025
: Constructed from C-string: 'Hello'
Tue May  6 14:46:33 2025
: Constructed from C-string: 'World'
Tue May  6 14:46:33 2025
: Constructed from C-string: ', '
Tue May  6 14:46:33 2025
: Default constructed empty MyString
Tue May  6 14:46:33 2025
: Concatenated MyString: 'Hello, '
Tue May  6 14:46:33 2025
: Default constructed empty MyString
Tue May  6 14:46:33 2025
: Concatenated MyString: 'Hello, World'
Tue May  6 14:46:33 2025
: Constructed from C-string: '!'
Tue May  6 14:46:33 2025
: Default constructed empty MyString
Tue May  6 14:46:33 2025
: Concatenated MyString: 'Hello, World!'
Tue May  6 14:46:33 2025
: Destroyed MyString: '!'
Tue May  6 14:46:33 2025
: Destroyed MyString: 'Hello, World'
Tue May  6 14:46:33 2025
: Destroyed MyString: 'Hello, '
Tue May  6 14:46:33 2025
: Destroyed MyString: ', '
Tue May  6 14:46:33 2025
: Constructed from C-string: ' How are you?'
Tue May  6 14:46:33 2025
: Default constructed empty MyString
Tue May  6 14:46:33 2025
: Concatenated MyString: 'Hello, World! How are you?'
Tue May  6 14:46:33 2025
: Move assigned MyString
Tue May  6 14:46:33 2025
: Destroyed MyString: ''
Tue May  6 14:46:33 2025
: Appended MyString, new value: 'Hello, World! How are you?'
Tue May  6 14:46:33 2025
: Destroyed MyString: ' How are you?'
Tue May  6 14:46:33 2025
: Constructed from C-string: 'World'
Tue May  6 14:46:33 2025
: Extracted substring: 'World'
Tue May  6 14:46:33 2025
: Default constructed empty MyString
Tue May  6 14:46:33 2025
: Destroyed MyString: ''
Tue May  6 14:46:33 2025
: Destroyed MyString: 'World'
Tue May  6 14:46:33 2025
: Destroyed MyString: 'Hello, World! How are you?'
Tue May  6 14:46:33 2025
: Destroyed MyString: 'World'
Tue May  6 14:46:33 2025
: Destroyed MyString: 'Hello'
Tue May  6 14:57:08 2025
: Constructed from C-string: 'Hello'
Tue May  6 14:57:08 2025
: Constructed from C-string: 'World'
Tue May  6 14:57:08 2025
: Constructed from C-string: ', '
Tue May  6 14:57:08 2025
: Default constructed empty MyString
Tue May  6 14:57:08 2025
: Concatenated MyString: 'Hello, '
Tue May  6 14:57:08 2025
: Default constructed empty MyString
Tue May  6 14:57:08 2025
: Concatenated MyString: 'Hello, World'
Tue May  6 14:57:08 2025
: Constructed from C-string: '!'
Tue May  6 14:57:08 2025
: Default constructed empty MyString
Tue May  6 14:57:08 2025
: Concatenated MyString: 'Hello, World!'
Tue May  6 14:57:08 2025
: Destroyed MyString: '!'
Tue May  6 14:57:08 2025
: Destroyed MyString: 'Hello, World'
Tue May  6 14:57:08 2025
: Destroyed MyString: 'Hello, '
Tue May  6 14:57:08 2025
: Destroyed MyString: ', '
Tue May  6 14:57:08 2025
: Constructed from C-string: ' How are you?'
Tue May  6 14:57:08 2025
: Default constructed empty MyString
Tue May  6 14:57:08 2025
: Concatenated MyString: 'Hello, World! How are you?'
Tue May  6 14:57:08 2025
: Move assigned MyString
Tue May  6 14:57:08 2025
: Destroyed MyString: ''
Tue May  6 14:57:08 2025
: Appended MyString, new value: 'Hello, World! How are you?'
Tue May  6 14:57:08 2025
: Destroyed MyString: ' How are you?'
Tue May  6 14:57:08 2025
: Constructed from C-string: 'World'
Tue May  6 14:57:08 2025
: Extracted substring: 'World'
Tue May  6 14:57:08 2025
: Default constructed empty MyString
Tue May  6 14:57:08 2025
: Destroyed MyString: ''
Tue May  6 14:57:08 2025
: Destroyed MyString: 'World'
Tue May  6 14:57:08 2025
: Destroyed MyString: 'Hello, World! How are you?'
Tue May  6 14:57:08 2025
: Destroyed MyString: 'World'
Tue May  6 14:57:08 2025
: Destroyed MyString: 'Hello'
